Microsoft (R) Help Compiler
HCRTF 4.03.0002
Copyright (c) Microsoft Corp 1990 - 1995. All rights reserved.
idf.hpj
    HC3037: Warning: C:\users\Jose\Idf\src\Idf\hlp\Idf.hm : 
	The map value for "HID_PROP_LISTACONECT" is the same as the map value for "HID_AJUSTAR_VENTANA".
    HC3037: Warning: C:\users\Jose\Idf\src\Idf\hlp\Idf.hm : 
	The map value for "HID_EJECUTAR_DIAG" is the same as the map value for "HID_ZOOM_TODO".
    HC3037: Warning: C:\users\Jose\Idf\src\Idf\hlp\Idf.hm : 
	The map value for "HID_SELEC_BLOQUE" is the same as the map value for "HID_ZOOM_RESTAURAR".
    HC3037: Warning: C:\users\Jose\Idf\src\Idf\hlp\Idf.hm : 
	The map value for "HID_SELEC_NUDO" is the same as the map value for "HID_ZOOM_ACERCAR".
    HC3037: Warning: C:\users\Jose\Idf\src\Idf\hlp\Idf.hm : 
	The map value for "HID_SELEC_CONECTOR" is the same as the map value for "HID_ZOOM_ALEJAR".
    HC3037: Warning: C:\users\Jose\Idf\src\Idf\hlp\Idf.hm : 
	The map value for "HID_SELECC_ELIMINAR" is the same as the map value for "HID_CONSOLA_MOSTRAR_USUARIO".
    HC3037: Warning: C:\users\Jose\Idf\src\Idf\hlp\Idf.hm : 
	The map value for "HID_CONSOLA_SALVA" is the same as the map value for "HID_ANALIZAR_DLL".
    HC3037: Warning: C:\users\Jose\Idf\src\Idf\hlp\Idf.hm : 
	The map value for "HID_CONSOLA_SALIDA" is the same as the map value for "HID_CONSOLA_SALVAR_CON_DIAGRAMA".
    HC3037: Warning: C:\users\Jose\Idf\src\Idf\hlp\Idf.hm : 
	The map value for "HID_ELIMINAR_BLOQUE" is the same as the map value for "HID_CONSOLA_COPIAR".
    HC3037: Warning: C:\users\Jose\Idf\src\Idf\hlp\Idf.hm : 
	The map value for "HID_MENU_COMPONENTE_PROP" is the same as the map value for "HID_GENERAR_LDD".
    HC3037: Warning: C:\users\Jose\Idf\src\Idf\hlp\Idf.hm : 
	The map value for "HIDD_MENSAJE" is the same as the map value for "HIDR_MENU_BLOQUE_FUNC_DCHO".
    HC3037: Warning: C:\users\Jose\Idf\src\Idf\hlp\Idf.hm : 
	The map value for "HIDD_PROP_BLOQUE" is the same as the map value for "HIDR_PROYTYPE_SRVR_EMB".
    HC3037: Warning: C:\users\Jose\Idf\src\Idf\hlp\Idf.hm : 
	The map value for "HIDD_CANCEL_AUTO" is the same as the map value for "HIDR_MENU_CONEC_DCHO".
    HC3037: Warning: C:\users\Jose\Idf\src\Idf\hlp\Idf.hm : 
	The map value for "HIDD_PROP_CLASES_SIN_DLL" is the same as the map value for "HIDR_MENU_CLASEDLL_POPUP".
    HC3037: Warning: C:\users\Jose\Idf\src\Idf\hlp\Idf.hm : 
	The map value for "HIDD_PROP_CONECT_INICIO_DLL" is the same as the map value for "HIDR_MENU_COMPONENTE_PROP_POPUP".
    HC3037: Warning: C:\users\Jose\Idf\src\Idf\hlp\Idf.hm : 
	The map value for "HIDD_PROP_CONECT_FIN_DLL" is the same as the map value for "HIDR_MENU_BLOQUE_DIS_DCHO".
    HC3025: Warning: topic #1 of C:\users\Jose\Idf\src\Idf\hlp\.\afxcore.rtf : 
	Jump to undefined Topic ID: "menu_record".
    HC1010: Note: 
	The following mapped Topic IDs were not used in any topic:
	HID_CLASEDLL_GENERAR_CODIGO
	AFX_HIDP_UNREG_DONE
	HID_INS_CONECT_RETRO
	HID_GENERACION_CODIGO
	HIDD_PROP_DIAG_INFORM
	HID_PROP_INFORM
	HID_IRALNUDOPREV
	HIDD_PROP_REJILLA
	HID_CANCEL_EDIT
	HID_ZOOM_RESTAURAR
	HIDD_ANALISIS_CLASE
	HIDR_MENU_COMPONENTE_PROP_POPUP
	HID_ZOOM_ACERCAR
	AFX_HIDP_GET_NOT_SUPPORTED
	HID_HT_OBJECT
	HIDD_BLOQUE
	HIDR_MENU_CLASEDLL_POPUP
	AFX_HIDP_SQL_BOOKMARKS_NOT_ENABLED
	HIDD_PROP_BLOQUE_DLL
	HID_OBJECT_POPUP_MENU
	HID_RECORD_FIRST
	HID_EDIT_SELECT_ALL
	HID_EDIT_CLONE
	HIDD_PROP_DIAG
	AFX_HIDP_SQL_NO_DATA_FOUND
	AFX_HIDP_SQL_EMPTY_COLUMN_LIST
	AFX_HIDP_SQL_ODBC_LOAD_FAILED
	AFX_HIDP_FAILED_TO_CREATE
	HIDR_MENU_BLOQUE_FUNC_DCHO
	AFX_HIDD_BUSY
	AFX_HIDP_ARCH_NONE
	HID_OBJECT_DISPLAYASICON
	HID_RECORD_LAST
	HID_RECORD_NEXT
	HID_RECORD_PREV
	AFX_HIDD_OBJECTPROPERTIES
	HID_ANYADIRNUDOANT
	AFX_HIDP_UNREG_FAILURE
	AFX_HIDP_SQL_BOOKMARKS_NOT_SUPPORTED
	HID_ELIMINARNUDO
	HIDD_LOGDIAG
	AFX_HIDP_FILE_TOO_MANY_OPEN
	HID_ANULARSELECC
	AFX_HIDP_SQL_FIELD_NOT_FOUND
	AFX_HIDP_FILE_ACCESS_DENIED
	HID_PROP_REJILLA
	HIDD_ANALISIS_DLL
	HIDP_CLIPBOARD_CUT_FAILED
	HIDD_PROP_CLASES_CON_DLL
	HID_OBJECT_RESETSIZE
	HIDR_PROY_DISENO
	HIDD_BLOQUEDIS
	HID_GENERAR_LDDORIGEN
	HID_EDIT_OLE_PASTE
	HID_CONSOLA_LIMPIAR
	AFX_HIDP_ASK_TO_DISCARD
	AFX_HIDP_SQL_FIELD_SCHEMA_MISMATCH
	AFX_HIDP_SQL_LOCK_MODE_NOT_SUPPORTED
	HID_FORMAT_FONT
	AFX_HIDP_FILE_HARD_IO
	HIDP_OLE_INIT_FAILED
	HID_INS_BLQFUNC_DIAG
	HIDR_MENU_CONSOLA
	AFX_HIDD_CHANGESOURCE
	HIDR_PROYTYPE_SRVR_IP
	HID_MOVERGRUPO
	HID_AJUSTAR_VENTANA
	HID_OPERAC_ZOOM
	HID_OPERACIONES
	AFX_HIDP_FILE_NOT_FOUND
	AFX_HIDW_DOCKBAR_TOP
	HIDR_MENU_CONEC_DCHO
	AFX_HIDP_DAO_DFX_BIND
	AFX_HIDP_SQL_ODBC_V2_REQUIRED
	AFX_HIDP_SQL_NO_ROWS_AFFECTED
	HID_OLE_EDIT_CONVERT
	HIDD_NUDOCON
	HIDR_PROYTYPE_SRVR_EMB
	HID_ZOOM_ALEJAR
	AFX_HIDP_SQL_SQL_CONFORMANCE
	HID_GRAVASOCIAR_BLQFIN
	HID_GRAVASOCIAR_BLQINI
	HIDP_CLIPBOARD_COPY_FAILED
	AFX_HIDP_SQL_RECORDSET_READONLY
	HIDD_PROP_DIAG_COMPONENTES
	HID_GENERAR_METAFILE
	HID_EDIT_COPIARDIAG
	AFX_HIDP_PARSE_RADIO_BUTTON
	HID_CANCELAR_EDIC
	HID_CAMBIAPOSETIQ
	HID_EDIT_PASTE_SPECIAL
	HID_NOMBRE_ITEM
	AFX_HIDP_DAO_ROWTOOSHORT
	AFX_HIDP_SQL_INCORRECT_ODBC
	AFX_HIDP_NO_ERROR_AVAILABLE
	HID_ANALIZAR_DLL
	AFX_HIDW_DOCKBAR_BOTTOM
	HIDD_PROP_BLOQUE_DIAG
	AFX_HIDP_FILE_DIR_FULL
	HID_ASOCIAR_BLQFIN
	HID_ASOCIAR_BLQINI
	HIDP_SOCKETS_INIT_FAILED
	AFX_HIDP_DAO_BADBINDINFO
	AFX_HIDP_SQL_UPDATE_DELETE_FAILED
	HID_EDIT_OLE_CUT
	AFX_HIDP_PARSE_DATETIME
	HID_CPOSETIQDIAG
	HID_OLE_EDIT_CHANGE_ICON
	AFX_HIDP_ARCH_ENDOFFILE
	AFX_HIDP_SQL_SQL_NO_TOTAL
	AFX_HIDP_SQL_CONNECT_FAIL
	AFX_HIDP_SQL_API_CONFORMANCE
	HID_OLE_EDIT_PROPERTIES
	AFX_HIDP_FILE_DISKFULL
	HID_PROPIEDADES
	AFX_HIDW_DOCKBAR_LEFT
	AFX_HIDP_FILE_REMOVE_CURRENT
	AFX_HIDP_ARCH_BADCLASS
	AFX_HIDP_SQL_NO_POSITIONED_UPDATES
	AFX_HIDP_ARCH_BADINDEX
	HID_CONSOLA_SALVAR_CON_DIAGRAMA
	HID_WIZBACK
	HID_WIZNEXT
	HID_CONSOLA_COPIAR
	HID_CONSOLA_CORTAR
	HIDD_PROP_CONECT_INFORM
	AFX_HIDP_PARSE_CURRENCY
	AFX_HIDP_FILE_NONE
	HID_GENERAR_LDD
	HID_LIBERAR_RATON
	HIDR_PROYTYPE_CNTR_IP
	HID_VER_TODO
	HIDD_MULTIDIAG
	HID_ELIMINAR_CONEC
	AFX_HIDP_FAILED_TO_CONVERT
	HID_SCROLL_AUTO
	HID_HELP_FINDER
	AFX_HIDP_FILE_EOF
	HIDD_PROP_BLOQUE_INFORM
	AFX_HIDP_FILE_LOCKING
	AFX_HIDP_SQL_ILLEGAL_MODE
	HIDR_MENU_BLOQUE_DIS_DCHO
	AFX_HIDD_PREVIEW_TOOLBAR
	HID_EDIT_OLE_COPY
	HID_OLEITEM_BLOQUEAR
	AFX_HIDP_SQL_NO_CURRENT_RECORD
	AFX_HIDP_FILE_BAD_PATH
	AFX_HIDP_FILE_BAD_SEEK
	AFX_HIDP_SQL_ROW_UPDATE_NOT_SUPPORTED
	HID_CONSOLA_MOSTRAR_SISTEMA
	HID_ANYADIRNUDOPOST
	AFX_HIDP_FAILED_MAPI_LOAD
	AFX_HIDP_FAILED_MAPI_SEND
	AFX_HIDP_FILE_SHARING
	HID_CLASES_USADAS_SIN_DLL
	HID_FILE_PRINT_DIRECT
	HID_ZOOM_TODO
	HID_PROP_ESPEC
	HIDD_OPERAC_BLOQUE
	AFX_HIDP_DLL_LOAD_FAILED
	HID_IRALNUDOSIG
	AFX_HIDP_SQL_DYNASET_NOT_SUPPORTED
	HIDD_OPERAC_BRETRO
	AFX_HIDP_SQL_ROW_FETCH
	HIDD_PROP_BLOQUE_CONECTORES
	HID_DESELECC_RECT
	AFX_HIDP_SET_NOT_SUPPORTED
	AFX_HIDP_DLL_BAD_VERSION
	AFX_HIDP_ARCH_BADSCHEMA
	AFX_HIDD_FILEBROWSE
	HID_INS_BLQFUNC_DLL
	HID_INICIALIZAR_DIAGRAMA
	HIDD_TABLADISENO
	HID_ANYADIRNUDO
	HID_INS_BLQ_RETRO
	HIDP_SAVEINCOMPLETE
	HIDP_GET_FROM_CLIPBOARD_FAILED
	AFX_HIDP_SQL_DATA_TRUNCATED
	HID_HT_HELP
	HID_WIZFINISH
	HID_OBJECT_DISPLAYCONTENT
	AFX_HIDP_INVALID_MAPI_DLL
	AFX_HIDD_PREVIEW_SHORTTOOLBAR
	AFX_HIDP_DAO_OBJECT_NOT_OPEN
	HIDD_PROP_CONECT
	AFX_HIDP_ARCH_WRITEONLY
	HID_SELECC_RECT
	HID_SELECC_TODO
	AFX_HIDP_SQL_MULTIPLE_ROWS_AFFECTED
	AFX_HIDP_DAO_ENGINE_INITIALIZATION
	AFX_HIDW_DOCKBAR_FLOAT
	AFX_HIDW_DOCKBAR_RIGHT
	AFX_HIDP_PARSE_BYTE
	AFX_HIDP_PARSE_UINT
	AFX_HIDP_ARCH_GENERIC
	AFX_HIDP_SQL_SNAPSHOT_NOT_SUPPORTED
	HID_INS_CONECT
	HID_PROP_DLL
	HID_PROP_GEN
	AFX_HIDP_FILE_GENERIC
	HID_CARGAR_SUBDIAGRAMA
	AFX_HIDP_FILE_INVALID_FILE
	HID_HT_CLOSE
	HID_CONSOLA_MOSTRAR
	AFX_HIDP_ARCH_READONLY
	AFX_HIDP_SQL_RECORDSET_FORWARD_ONLY
	HID_VER_TABLADIAG
	AFX_HIDP_SQL_DYNAMIC_CURSOR_NOT_SUPPORTED
	HID_ENLAZAR_SUBDIAGRAMA
	HID_EDITAR_DIAG
	HID_CONSOLA_MOSTRAR_USUARIO
	HIDD_MENSAJE_EXT
	HIDP_FAILED_TO_CREATE
	HIDD_CONFIRM
	AFX_HIDP_DAO_COLUMNUNAVAILABLE
	HID_PROP_DIAG
	HIDD_NUEVOTXT
	HID_AYUDA
	HID_INICIAR_CONECT
84	Topics
50	Jumps
18	Keywords
21	Bitmaps


Created C:\users\Jose\Idf\src\Idf\hlp\Idf.hlp, 39,404 bytes
Bitmaps: 5,348 bytes
Hall+Zeck compression decreased help file by 18,129 bytes.
Compile time: 0 minutes, 0 seconds
1 note, 17 warnings
